[    10.585] 
X.Org X Server 1.21.1.3
X Protocol Version 11, Revision 0
[    10.585] Current Operating System: Linux tom-xps 5.16.5-arch1-1 #1 SMP PREEMPT Tue, 01 Feb 2022 21:42:50 +0000 x86_64
[    10.585] Kernel command line: BOOT_IMAGE=/boot/vmlinuz-linux root=UUID=4473599d-b646-4967-a6c3-13cb6f40b974 rw loglevel=3 quiet
[    10.585]  
[    10.585] Current version of pixman: 0.40.0
[    10.585] 	Before reporting problems, check http://wiki.x.org
	to make sure that you have the latest version.
[    10.585] Markers: (--) probed, (**) from config file, (==) default setting,
	(++) from command line, (!!) notice, (II) informational,
	(WW) warning, (EE) error, (NI) not implemented, (??) unknown.
[    10.585] (==) Log file: "/home/tom/.local/share/xorg/Xorg.0.log", Time: Tue Feb  8 10:08:10 2022
[    10.588] (==) Using system config directory "/usr/share/X11/xorg.conf.d"
[    10.589] (==) No Layout section.  Using the first Screen section.
[    10.589] (==) No screen section available. Using defaults.
[    10.589] (**) |-->Screen "Default Screen Section" (0)
[    10.589] (**) |   |-->Monitor "<default monitor>"
[    10.589] (==) No monitor specified for screen "Default Screen Section".
	Using a default monitor configuration.
[    10.589] (==) Automatically adding devices
[    10.589] (==) Automatically enabling devices
[    10.589] (==) Automatically adding GPU devices
[    10.589] (==) Automatically binding GPU devices
[    10.589] (==) Max clients allowed: 256, resource mask: 0x1fffff
[    10.591] (WW) The directory "/usr/share/fonts/OTF" does not exist.
[    10.591] 	Entry deleted from font path.
[    10.591] (WW) The directory "/usr/share/fonts/Type1" does not exist.
[    10.591] 	Entry deleted from font path.
[    10.595] (==) FontPath set to:
	/usr/share/fonts/misc,
	/usr/share/fonts/TTF,
	/usr/share/fonts/100dpi,
	/usr/share/fonts/75dpi
[    10.595] (==) ModulePath set to "/usr/lib/xorg/modules"
[    10.595] (II) The server relies on udev to provide the list of input devices.
	If no devices become available, reconfigure udev or disable AutoAddDevices.
[    10.595] (II) Module ABI versions:
[    10.595] 	X.Org ANSI C Emulation: 0.4
[    10.595] 	X.Org Video Driver: 25.2
[    10.595] 	X.Org XInput driver : 24.4
[    10.595] 	X.Org Server Extension : 10.0
[    10.596] (++) using VT number 1

[    10.597] (II) systemd-logind: took control of session /org/freedesktop/login1/session/_31
[    10.598] (II) xfree86: Adding drm device (/dev/dri/card0)
[    10.598] (II) Platform probe for /sys/devices/pci0000:00/0000:00:02.0/drm/card0
[    10.599] (II) systemd-logind: got fd for /dev/dri/card0 226:0 fd 11 paused 0
[    10.601] (--) PCI:*(0@0:2:0) 15ad:0405:15ad:0405 rev 0, Mem @ 0xe0000000/134217728, 0xf0000000/2097152, I/O @ 0x0000d010/16, BIOS @ 0x????????/131072
[    10.601] (WW) Open ACPI failed (/var/run/acpid.socket) (No such file or directory)
[    10.601] (II) LoadModule: "glx"
[    10.603] (II) Loading /usr/lib/xorg/modules/extensions/libglx.so
[    10.613] (II) Module glx: vendor="X.Org Foundation"
[    10.613] 	compiled for 1.21.1.3, module version = 1.0.0
[    10.613] 	ABI class: X.Org Server Extension, version 10.0
[    10.613] (==) Matched vmware as autoconfigured driver 0
[    10.613] (==) Matched modesetting as autoconfigured driver 1
[    10.613] (==) Matched fbdev as autoconfigured driver 2
[    10.613] (==) Matched vesa as autoconfigured driver 3
[    10.613] (==) Assigned the driver to the xf86ConfigLayout
[    10.613] (II) LoadModule: "vmware"
[    10.613] (II) Loading /usr/lib/xorg/modules/drivers/vmware_drv.so
[    10.836] (II) Module vmware: vendor="X.Org Foundation"
[    10.836] 	compiled for 1.21.1.1, module version = 13.3.0
[    10.836] 	Module class: X.Org Video Driver
[    10.836] 	ABI class: X.Org Video Driver, version 25.2
[    10.836] (II) LoadModule: "modesetting"
[    10.836] (II) Loading /usr/lib/xorg/modules/drivers/modesetting_drv.so
[    10.839] (II) Module modesetting: vendor="X.Org Foundation"
[    10.839] 	compiled for 1.21.1.3, module version = 1.21.1
[    10.839] 	Module class: X.Org Video Driver
[    10.839] 	ABI class: X.Org Video Driver, version 25.2
[    10.839] (II) LoadModule: "fbdev"
[    10.840] (WW) Warning, couldn't open module fbdev
[    10.840] (EE) Failed to load module "fbdev" (module does not exist, 0)
[    10.840] (II) LoadModule: "vesa"
[    10.840] (II) Loading /usr/lib/xorg/modules/drivers/vesa_drv.so
[    10.840] (II) Module vesa: vendor="X.Org Foundation"
[    10.840] 	compiled for 1.21.1.1, module version = 2.5.0
[    10.840] 	Module class: X.Org Video Driver
[    10.840] 	ABI class: X.Org Video Driver, version 25.2
[    10.840] (II) vmware: driver for VMware SVGA: vmware0405, vmware0710
[    10.840] (II) modesetting: Driver for Modesetting Kernel Drivers: kms
[    10.840] (II) VESA: driver for VESA chipsets: vesa
[    10.840] xf86EnableIO: failed to enable I/O ports 0000-03ff (Operation not permitted)
[    10.840] (WW) Falling back to old probe method for modesetting
[    10.840] (WW) VGA arbiter: cannot open kernel arbiter, no multi-card support
[    10.840] (II) vmware(0): Creating default Display subsection in Screen section
	"Default Screen Section" for depth/fbbpp 24/32
[    10.840] (--) vmware(0): DRM driver version is 2.19.0
[    10.840] (==) vmware(0): Depth 24, (--) framebuffer bpp 32
[    10.840] (==) vmware(0): RGB weight 888
[    10.840] (==) vmware(0): Default visual is TrueColor
[    10.840] (--) vmware(0): Min width 1, Max Width 8192.
[    10.840] (--) vmware(0): Min height 1, Max Height 8192.
[    10.840] (II) vmware(0): Output Virtual1 has no monitor section
[    10.840] (II) vmware(0): Output Virtual2 has no monitor section
[    10.840] (II) vmware(0): Output Virtual3 has no monitor section
[    10.841] (II) vmware(0): Output Virtual4 has no monitor section
[    10.841] (II) vmware(0): Output Virtual5 has no monitor section
[    10.841] (II) vmware(0): Output Virtual6 has no monitor section
[    10.843] (II) vmware(0): Output Virtual7 has no monitor section
[    10.843] (II) vmware(0): Output Virtual8 has no monitor section
[    10.843] (II) vmware(0): Printing probed modes for output Virtual1
[    10.843] (II) vmware(0): Modeline "800x600"x60.0   42.75  800 850 900 950  600 650 700 750 -hsync +vsync (45.0 kHz eP)
[    10.843] (II) vmware(0): Modeline "3840x2400"x60.0  592.25  3840 3888 3920 4000  2400 2403 2409 2469 +hsync -vsync (148.1 kHz e)
[    10.843] (II) vmware(0): Modeline "3840x2160"x60.0  533.00  3840 3888 3920 4000  2160 2163 2168 2222 +hsync -vsync (133.2 kHz e)
[    10.843] (II) vmware(0): Modeline "2880x1800"x59.9  337.50  2880 2928 2960 3040  1800 1803 1809 1852 +hsync -vsync (111.0 kHz e)
[    10.843] (II) vmware(0): Modeline "2560x1600"x60.0  348.50  2560 2752 3032 3504  1600 1603 1609 1658 -hsync +vsync (99.5 kHz e)
[    10.843] (II) vmware(0): Modeline "2560x1440"x60.0  241.50  2560 2608 2640 2720  1440 1443 1448 1481 +hsync -vsync (88.8 kHz e)
[    10.843] (II) vmware(0): Modeline "1920x1440"x60.0  234.00  1920 2048 2256 2600  1440 1441 1444 1500 -hsync +vsync (90.0 kHz e)
[    10.843] (II) vmware(0): Modeline "1856x1392"x60.0  218.25  1856 1952 2176 2528  1392 1393 1396 1439 -hsync +vsync (86.3 kHz e)
[    10.843] (II) vmware(0): Modeline "1792x1344"x60.0  204.75  1792 1920 2120 2448  1344 1345 1348 1394 -hsync +vsync (83.6 kHz e)
[    10.843] (II) vmware(0): Modeline "1920x1200"x59.9  193.25  1920 2056 2256 2592  1200 1203 1209 1245 -hsync +vsync (74.6 kHz e)
[    10.843] (II) vmware(0): Modeline "1920x1080"x60.0  173.00  1920 2048 2248 2576  1080 1083 1088 1120 -hsync +vsync (67.2 kHz e)
[    10.843] (II) vmware(0): Modeline "1600x1200"x60.0  162.00  1600 1664 1856 2160  1200 1201 1204 1250 +hsync +vsync (75.0 kHz e)
[    10.843] (II) vmware(0): Modeline "1680x1050"x60.0  146.25  1680 1784 1960 2240  1050 1053 1059 1089 -hsync +vsync (65.3 kHz e)
[    10.843] (II) vmware(0): Modeline "1400x1050"x60.0  121.75  1400 1488 1632 1864  1050 1053 1057 1089 -hsync +vsync (65.3 kHz e)
[    10.843] (II) vmware(0): Modeline "1280x1024"x60.0  108.00  1280 1328 1440 1688  1024 1025 1028 1066 +hsync +vsync (64.0 kHz e)
[    10.843] (II) vmware(0): Modeline "1440x900"x59.9  106.50  1440 1520 1672 1904  900 903 909 934 -hsync +vsync (55.9 kHz e)
[    10.843] (II) vmware(0): Modeline "1280x960"x60.0  108.00  1280 1376 1488 1800  960 961 964 1000 +hsync +vsync (60.0 kHz e)
[    10.843] (II) vmware(0): Modeline "1360x768"x60.0   85.50  1360 1424 1536 1792  768 771 777 795 +hsync +vsync (47.7 kHz e)
[    10.843] (II) vmware(0): Modeline "1280x800"x59.8   83.50  1280 1352 1480 1680  800 803 809 831 +hsync -vsync (49.7 kHz e)
[    10.843] (II) vmware(0): Modeline "1152x864"x75.0  108.00  1152 1216 1344 1600  864 865 868 900 +hsync +vsync (67.5 kHz e)
[    10.843] (II) vmware(0): Modeline "1280x768"x59.9   79.50  1280 1344 1472 1664  768 771 778 798 -hsync +vsync (47.8 kHz e)
[    10.843] (II) vmware(0): Modeline "1280x720"x59.9   74.50  1280 1344 1472 1664  720 723 728 748 -hsync +vsync (44.8 kHz e)
[    10.843] (II) vmware(0): Modeline "1024x768"x60.0   65.00  1024 1048 1184 1344  768 771 777 806 -hsync -vsync (48.4 kHz e)
[    10.843] (II) vmware(0): Modeline "800x600"x60.3   40.00  800 840 968 1056  600 601 605 628 +hsync +vsync (37.9 kHz e)
[    10.843] (II) vmware(0): Modeline "640x480"x59.9   25.18  640 656 752 800  480 489 492 525 -hsync -vsync (31.5 kHz e)
[    10.843] (II) vmware(0): EDID for output Virtual2
[    10.843] (II) vmware(0): EDID for output Virtual3
[    10.843] (II) vmware(0): EDID for output Virtual4
[    10.843] (II) vmware(0): EDID for output Virtual5
[    10.843] (II) vmware(0): EDID for output Virtual6
[    10.843] (II) vmware(0): EDID for output Virtual7
[    10.843] (II) vmware(0): EDID for output Virtual8
[    10.843] (II) vmware(0): Output Virtual1 connected
[    10.843] (II) vmware(0): Output Virtual2 disconnected
[    10.843] (II) vmware(0): Output Virtual3 disconnected
[    10.843] (II) vmware(0): Output Virtual4 disconnected
[    10.843] (II) vmware(0): Output Virtual5 disconnected
[    10.843] (II) vmware(0): Output Virtual6 disconnected
[    10.843] (II) vmware(0): Output Virtual7 disconnected
[    10.843] (II) vmware(0): Output Virtual8 disconnected
[    10.843] (II) vmware(0): Using exact sizes for initial modes
[    10.843] (II) vmware(0): Output Virtual1 using initial mode 800x600 +0+0
[    10.843] (==) vmware(0): DPI set to (96, 96)
[    10.843] (==) vmware(0): Using gamma correction (1.0, 1.0, 1.0)
[    10.843] (II) Loading sub module "fb"
[    10.843] (II) LoadModule: "fb"
[    10.843] (II) Module "fb" already built-in
[    10.843] (II) Loading sub module "dri2"
[    10.843] (II) LoadModule: "dri2"
[    10.843] (II) Module "dri2" already built-in
[    10.843] (II) Loading sub module "dri3"
[    10.843] (II) LoadModule: "dri3"
[    10.843] (II) Module "dri3" already built-in
[    10.843] (II) UnloadModule: "modesetting"
[    10.843] (II) Unloading modesetting
[    10.843] (II) UnloadModule: "vesa"
[    10.843] (II) Unloading vesa
[    10.844] (II) vmware(0): Initialized VMWARE_CTRL extension version 0.2
[    10.851] (WW) vmware(0): Failed to initialize Gallium3D Xa. No render acceleration available.
[    10.851] (WW) vmware(0): Skipped initialization of direct rendering due to lack of render acceleration.
[    10.851] (--) vmware(0): Render acceleration is disabled.
[    10.851] (==) vmware(0): Rendercheck mode is disabled.
[    10.851] (--) vmware(0): Direct rendering (DRI2 3D) is disabled.
[    10.851] (--) vmware(0): Direct rendering (DRI3 3D) is disabled.
[    10.851] (==) vmware(0): Backing store enabled
[    10.851] (==) vmware(0): Silken mouse enabled
[    10.853] (==) vmware(0): DPMS enabled
[    10.853] (II) vmware(0): No 3D acceleration. Not setting up textured video.
[    10.853] (WW) vmware(0): Disabling Xv because no adaptors could be initialized.
[    10.853] (II) Initializing extension Generic Event Extension
[    10.853] (II) Initializing extension SHAPE
[    10.853] (II) Initializing extension MIT-SHM
[    10.853] (II) Initializing extension XInputExtension
[    10.853] (II) Initializing extension XTEST
[    10.854] (II) Initializing extension BIG-REQUESTS
[    10.854] (II) Initializing extension SYNC
[    10.854] (II) Initializing extension XKEYBOARD
[    10.854] (II) Initializing extension XC-MISC
[    10.854] (II) Initializing extension SECURITY
[    10.854] (II) Initializing extension XFIXES
[    10.854] (II) Initializing extension RENDER
[    10.854] (II) Initializing extension RANDR
[    10.855] (II) Initializing extension COMPOSITE
[    10.855] (II) Initializing extension DAMAGE
[    10.855] (II) Initializing extension MIT-SCREEN-SAVER
[    10.855] (II) Initializing extension DOUBLE-BUFFER
[    10.855] (II) Initializing extension RECORD
[    10.855] (II) Initializing extension DPMS
[    10.855] (II) Initializing extension Present
[    10.856] (II) Initializing extension DRI3
[    10.856] (II) Initializing extension X-Resource
[    10.856] (II) Initializing extension XVideo
[    10.856] (II) Initializing extension XVideo-MotionCompensation
[    10.856] (II) Initializing extension GLX
[    10.856] (II) AIGLX: Screen 0 is not DRI2 capable
[    10.930] (II) IGLX: Loaded and initialized swrast
[    10.930] (II) GLX: Initialized DRISWRAST GL provider for screen 0
[    10.930] (II) Initializing extension XFree86-VidModeExtension
[    10.930] (II) Initializing extension XFree86-DGA
[    10.930] (II) Initializing extension XFree86-DRI
[    10.930] (II) Initializing extension DRI2
[    10.932] (II) vmware(0): Setting screen physical size to 211 x 158
[    11.030] (II) config/udev: Adding input device Power Button (/dev/input/event0)
[    11.030] (**) Power Button: Applying InputClass "libinput keyboard catchall"
[    11.030] (II) LoadModule: "libinput"
[    11.030] (II) Loading /usr/lib/xorg/modules/input/libinput_drv.so
[    11.040] (II) Module libinput: vendor="X.Org Foundation"
[    11.040] 	compiled for 1.21.1.3, module version = 1.2.1
[    11.040] 	Module class: X.Org XInput Driver
[    11.040] 	ABI class: X.Org XInput driver, version 24.4
[    11.040] (II) Using input driver 'libinput' for 'Power Button'
[    11.041] (II) systemd-logind: got fd for /dev/input/event0 13:64 fd 19 paused 0
[    11.041] (**) Power Button: always reports core events
[    11.041] (**) Option "Device" "/dev/input/event0"
[    11.050] (II) event0  - Power Button: is tagged by udev as: Keyboard
[    11.050] (II) event0  - Power Button: device is a keyboard
[    11.050] (II) event0  - Power Button: device removed
[    11.050] (**) Option "config_info" "udev:/sys/devices/LNXSYSTM:00/LNXPWRBN:00/input/input0/event0"
[    11.050] (II) XINPUT: Adding extended input device "Power Button" (type: KEYBOARD, id 6)
[    11.051] (II) event0  - Power Button: is tagged by udev as: Keyboard
[    11.051] (II) event0  - Power Button: device is a keyboard
[    11.051] (II) config/udev: Adding input device Sleep Button (/dev/input/event1)
[    11.052] (**) Sleep Button: Applying InputClass "libinput keyboard catchall"
[    11.052] (II) Using input driver 'libinput' for 'Sleep Button'
[    11.052] (II) systemd-logind: got fd for /dev/input/event1 13:65 fd 22 paused 0
[    11.052] (**) Sleep Button: always reports core events
[    11.052] (**) Option "Device" "/dev/input/event1"
[    11.053] (II) event1  - Sleep Button: is tagged by udev as: Keyboard
[    11.053] (II) event1  - Sleep Button: device is a keyboard
[    11.053] (II) event1  - Sleep Button: device removed
[    11.053] (**) Option "config_info" "udev:/sys/devices/LNXSYSTM:00/LNXSLPBN:00/input/input1/event1"
[    11.053] (II) XINPUT: Adding extended input device "Sleep Button" (type: KEYBOARD, id 7)
[    11.053] (II) event1  - Sleep Button: is tagged by udev as: Keyboard
[    11.054] (II) event1  - Sleep Button: device is a keyboard
[    11.054] (II) config/udev: Adding input device Video Bus (/dev/input/event4)
[    11.054] (**) Video Bus: Applying InputClass "libinput keyboard catchall"
[    11.054] (II) Using input driver 'libinput' for 'Video Bus'
[    11.055] (II) systemd-logind: got fd for /dev/input/event4 13:68 fd 23 paused 0
[    11.055] (**) Video Bus: always reports core events
[    11.055] (**) Option "Device" "/dev/input/event4"
[    11.055] (II) event4  - Video Bus: is tagged by udev as: Keyboard
[    11.055] (II) event4  - Video Bus: device is a keyboard
[    11.056] (II) event4  - Video Bus: device removed
[    11.056] (**) Option "config_info" "udev:/sys/devices/LNXSYSTM:00/LNXSYBUS:00/PNP0A03:00/LNXVIDEO:00/input/input5/event4"
[    11.056] (II) XINPUT: Adding extended input device "Video Bus" (type: KEYBOARD, id 8)
[    11.056] (II) event4  - Video Bus: is tagged by udev as: Keyboard
[    11.056] (II) event4  - Video Bus: device is a keyboard
[    11.057] (II) config/udev: Adding input device VirtualBox mouse integration (/dev/input/event5)
[    11.057] (**) VirtualBox mouse integration: Applying InputClass "libinput pointer catchall"
[    11.057] (II) Using input driver 'libinput' for 'VirtualBox mouse integration'
[    11.058] (II) systemd-logind: got fd for /dev/input/event5 13:69 fd 24 paused 0
[    11.058] (**) VirtualBox mouse integration: always reports core events
[    11.058] (**) Option "Device" "/dev/input/event5"
[    11.058] (II) event5  - VirtualBox mouse integration: is tagged by udev as: Mouse
[    11.059] (II) event5  - VirtualBox mouse integration: device is a pointer
[    11.059] (II) event5  - VirtualBox mouse integration: device removed
[    11.059] (**) Option "config_info" "udev:/sys/devices/pci0000:00/0000:00:04.0/input/input6/event5"
[    11.059] (II) XINPUT: Adding extended input device "VirtualBox mouse integration" (type: MOUSE, id 9)
[    11.059] (**) Option "AccelerationScheme" "none"
[    11.059] (**) VirtualBox mouse integration: (accel) selected scheme none/0
[    11.059] (**) VirtualBox mouse integration: (accel) acceleration factor: 2.000
[    11.059] (**) VirtualBox mouse integration: (accel) acceleration threshold: 4
[    11.059] (II) event5  - VirtualBox mouse integration: is tagged by udev as: Mouse
[    11.060] (II) event5  - VirtualBox mouse integration: device is a pointer
[    11.060] (II) config/udev: Adding input device VirtualBox mouse integration (/dev/input/js1)
[    11.060] (II) No input driver specified, ignoring this device.
[    11.060] (II) This device may have been added with another device file.
[    11.060] (II) config/udev: Adding input device VirtualBox mouse integration (/dev/input/mouse1)
[    11.060] (II) No input driver specified, ignoring this device.
[    11.060] (II) This device may have been added with another device file.
[    11.061] (II) config/udev: Adding input device VirtualBox USB Tablet (/dev/input/event3)
[    11.061] (**) VirtualBox USB Tablet: Applying InputClass "libinput pointer catchall"
[    11.061] (II) Using input driver 'libinput' for 'VirtualBox USB Tablet'
[    11.126] (II) systemd-logind: got fd for /dev/input/event3 13:67 fd 25 paused 0
[    11.126] (**) VirtualBox USB Tablet: always reports core events
[    11.126] (**) Option "Device" "/dev/input/event3"
[    11.128] (II) event3  - VirtualBox USB Tablet: is tagged by udev as: Mouse
[    11.129] (II) event3  - VirtualBox USB Tablet: device is a pointer
[    11.129] (II) event3  - VirtualBox USB Tablet: device removed
[    11.129] (**) Option "config_info" "udev:/sys/devices/pci0000:00/0000:00:06.0/usb2/2-1/2-1:1.0/0003:80EE:0021.0001/input/input4/event3"
[    11.129] (II) XINPUT: Adding extended input device "VirtualBox USB Tablet" (type: MOUSE, id 10)
[    11.130] (**) Option "AccelerationScheme" "none"
[    11.130] (**) VirtualBox USB Tablet: (accel) selected scheme none/0
[    11.130] (**) VirtualBox USB Tablet: (accel) acceleration factor: 2.000
[    11.130] (**) VirtualBox USB Tablet: (accel) acceleration threshold: 4
[    11.132] (II) event3  - VirtualBox USB Tablet: is tagged by udev as: Mouse
[    11.133] (II) event3  - VirtualBox USB Tablet: device is a pointer
[    11.134] (II) config/udev: Adding input device VirtualBox USB Tablet (/dev/input/js0)
[    11.134] (II) No input driver specified, ignoring this device.
[    11.134] (II) This device may have been added with another device file.
[    11.135] (II) config/udev: Adding input device VirtualBox USB Tablet (/dev/input/mouse0)
[    11.135] (II) No input driver specified, ignoring this device.
[    11.135] (II) This device may have been added with another device file.
[    11.136] (II) config/udev: Adding input device AT Translated Set 2 keyboard (/dev/input/event2)
[    11.136] (**) AT Translated Set 2 keyboard: Applying InputClass "libinput keyboard catchall"
[    11.136] (II) Using input driver 'libinput' for 'AT Translated Set 2 keyboard'
[    11.138] (II) systemd-logind: got fd for /dev/input/event2 13:66 fd 26 paused 0
[    11.138] (**) AT Translated Set 2 keyboard: always reports core events
[    11.138] (**) Option "Device" "/dev/input/event2"
[    11.139] (II) event2  - AT Translated Set 2 keyboard: is tagged by udev as: Keyboard
[    11.139] (II) event2  - AT Translated Set 2 keyboard: device is a keyboard
[    11.141] (II) event2  - AT Translated Set 2 keyboard: device removed
[    11.141] (**) Option "config_info" "udev:/sys/devices/platform/i8042/serio0/input/input2/event2"
[    11.141] (II) XINPUT: Adding extended input device "AT Translated Set 2 keyboard" (type: KEYBOARD, id 11)
[    11.142] (II) event2  - AT Translated Set 2 keyboard: is tagged by udev as: Keyboard
[    11.143] (II) event2  - AT Translated Set 2 keyboard: device is a keyboard
[    11.144] (II) config/udev: Adding input device ImExPS/2 Generic Explorer Mouse (/dev/input/event7)
[    11.144] (**) ImExPS/2 Generic Explorer Mouse: Applying InputClass "libinput pointer catchall"
[    11.144] (II) Using input driver 'libinput' for 'ImExPS/2 Generic Explorer Mouse'
[    11.144] (II) systemd-logind: got fd for /dev/input/event7 13:71 fd 27 paused 0
[    11.144] (**) ImExPS/2 Generic Explorer Mouse: always reports core events
[    11.144] (**) Option "Device" "/dev/input/event7"
[    11.145] (II) event7  - ImExPS/2 Generic Explorer Mouse: is tagged by udev as: Mouse
[    11.145] (II) event7  - ImExPS/2 Generic Explorer Mouse: device is a pointer
[    11.145] (II) event7  - ImExPS/2 Generic Explorer Mouse: device removed
[    11.145] (**) Option "config_info" "udev:/sys/devices/platform/i8042/serio1/input/input8/event7"
[    11.145] (II) XINPUT: Adding extended input device "ImExPS/2 Generic Explorer Mouse" (type: MOUSE, id 12)
[    11.145] (**) Option "AccelerationScheme" "none"
[    11.145] (**) ImExPS/2 Generic Explorer Mouse: (accel) selected scheme none/0
[    11.145] (**) ImExPS/2 Generic Explorer Mouse: (accel) acceleration factor: 2.000
[    11.145] (**) ImExPS/2 Generic Explorer Mouse: (accel) acceleration threshold: 4
[    11.146] (II) event7  - ImExPS/2 Generic Explorer Mouse: is tagged by udev as: Mouse
[    11.146] (II) event7  - ImExPS/2 Generic Explorer Mouse: device is a pointer
[    11.147] (II) config/udev: Adding input device ImExPS/2 Generic Explorer Mouse (/dev/input/mouse2)
[    11.147] (II) No input driver specified, ignoring this device.
[    11.147] (II) This device may have been added with another device file.
[    11.147] (II) config/udev: Adding input device PC Speaker (/dev/input/event6)
[    11.147] (II) No input driver specified, ignoring this device.
[    11.147] (II) This device may have been added with another device file.
[    11.295] (EE) No surface to present from.
[   570.552] (EE) event7  - ImExPS/2 Generic Explorer Mouse: client bug: event processing lagging behind by 11ms, your system is too slow
