[2022-02-03 22:23:26.903] [exthost] [info] Extension host with pid 14867 started
[2022-02-03 22:23:26.991] [exthost] [info] ExtensionService#_doActivateExtension vscode.debug-auto-launch, startup: true, activationEvent: '*'
[2022-02-03 22:23:26.996] [exthost] [info] ExtensionService#_doActivateExtension vscode.git-base, startup: true, activationEvent: '*', root cause: vscode.github
[2022-02-03 22:23:27.005] [exthost] [info] ExtensionService#_doActivateExtension vscode.git, startup: true, activationEvent: '*'
[2022-02-03 22:23:27.118] [exthost] [info] ExtensionService#_doActivateExtension vscode.github, startup: true, activationEvent: '*'
[2022-02-03 22:23:27.259] [exthost] [info] Eager extensions activated
[2022-02-03 22:23:27.330] [exthost] [info] ExtensionService#_doActivateExtension vscode.emmet, startup: false, activationEvent: 'onStartupFinished'
[2022-02-03 22:23:27.348] [exthost] [info] ExtensionService#_doActivateExtension vscode.merge-conflict, startup: false, activationEvent: 'onStartupFinished'
[2022-02-03 22:24:37.856] [exthost] [info] extension host terminating: renderer closed the socket
[2022-02-03 22:24:37.877] [exthost] [info] Extension host with pid 14867 exiting with code 0
[2022-02-03 22:24:41.914] [exthost] [info] Extension host with pid 15289 started
[2022-02-03 22:24:41.914] [exthost] [info] Skipping acquiring lock for /home/tom/.config/Code - OSS/User/workspaceStorage/eff9346ee1f9b464ff1075fb54e31b63.
[2022-02-03 22:24:42.016] [exthost] [info] ExtensionService#_doActivateExtension vscode.debug-auto-launch, startup: true, activationEvent: '*'
[2022-02-03 22:24:42.019] [exthost] [info] ExtensionService#_doActivateExtension vscode.git-base, startup: true, activationEvent: '*', root cause: vscode.github
[2022-02-03 22:24:42.030] [exthost] [info] ExtensionService#_doActivateExtension vscode.github, startup: true, activationEvent: '*'
[2022-02-03 22:24:42.036] [exthost] [info] Eager extensions activated
[2022-02-03 22:24:42.039] [exthost] [info] ExtensionService#_doActivateExtension vscode.emmet, startup: false, activationEvent: 'onStartupFinished'
[2022-02-03 22:24:42.044] [exthost] [info] ExtensionService#_doActivateExtension vscode.merge-conflict, startup: false, activationEvent: 'onStartupFinished'
[2022-02-03 22:24:42.355] [exthost] [info] ExtensionService#_doActivateExtension vscode.git, startup: false, activationEvent: 'api', root cause: vscode.github
[2022-02-03 22:29:30.304] [exthost] [info] ExtensionService#_doActivateExtension vscode.configuration-editing, startup: false, activationEvent: 'onLanguage:jsonc'
[2022-02-03 22:29:30.311] [exthost] [info] ExtensionService#_doActivateExtension vscode.json-language-features, startup: false, activationEvent: 'onLanguage:jsonc'
[2022-02-03 22:29:30.379] [exthost] [info] ExtensionService#_doActivateExtension vscode.typescript-language-features, startup: false, activationEvent: 'onLanguage:jsonc'
[2022-02-03 22:36:23.341] [exthost] [info] extension host terminating: renderer closed the socket
[2022-02-03 22:36:23.353] [exthost] [info] Extension host with pid 15289 exiting with code 0
